app/build/intermediates/manifest_merge_blame_file/debug/manifest-merger-blame-debug-report.txt
1<?xml version="1.0" encoding="utf-8"?>
2<manifest xmlns:android="http://schemas.android.com/apk/res/android"
3    package="com.fitzay.workouttracker.strengthtraining"
4    android:versionCode="10"
5    android:versionName="1.1.0" >
6
7    <uses-sdk
8        android:minSdkVersion="23"
9        android:targetSdkVersion="34" />
10    <!-- Step Counter Permissions -->
11    <uses-permission android:name="android.permission.ACCESS_FINE_LOCATION" />
11-->src\main\AndroidManifest.xml:5:5-79
11-->src\main\AndroidManifest.xml:5:22-76
12    <uses-permission android:name="android.permission.ACCESS_COARSE_LOCATION" />
12-->src\main\AndroidManifest.xml:6:5-81
12-->src\main\AndroidManifest.xml:6:22-78
13    <uses-permission android:name="android.permission.FOREGROUND_SERVICE" />
13-->src\main\AndroidManifest.xml:7:5-77
13-->src\main\AndroidManifest.xml:7:22-74
14    <uses-permission android:name="android.permission.FOREGROUND_SERVICE_HEALTH" />
14-->src\main\AndroidManifest.xml:8:5-84
14-->src\main\AndroidManifest.xml:8:22-81
15    <uses-permission android:name="android.permission.REQUEST_IGNORE_BATTERY_OPTIMIZATIONS" />
15-->src\main\AndroidManifest.xml:9:5-95
15-->src\main\AndroidManifest.xml:9:22-92
16    <uses-permission android:name="android.permission.ACTIVITY_RECOGNITION" />
16-->src\main\AndroidManifest.xml:10:5-79
16-->src\main\AndroidManifest.xml:10:22-76
17    <uses-permission android:name="android.permission.POST_NOTIFICATIONS" />
17-->src\main\AndroidManifest.xml:11:5-77
17-->src\main\AndroidManifest.xml:11:22-74
18    <uses-permission android:name="android.permission.VIBRATE" />
18-->src\main\AndroidManifest.xml:12:5-66
18-->src\main\AndroidManifest.xml:12:22-63
19    <uses-permission android:name="android.permission.USE_FULL_SCREEN_INTENT" />
19-->src\main\AndroidManifest.xml:13:5-81
19-->src\main\AndroidManifest.xml:13:22-78
20    <uses-permission android:name="android.permission.WRITE_EXTERNAL_STORAGE" />
20-->src\main\AndroidManifest.xml:14:5-81
20-->src\main\AndroidManifest.xml:14:22-78
21    <uses-permission android:name="android.permission.CAMERA" />
21-->src\main\AndroidManifest.xml:15:5-65
21-->src\main\AndroidManifest.xml:15:22-62
22    <uses-permission android:name="android.permission.READ_MEDIA_IMAGES" />
22-->src\main\AndroidManifest.xml:16:5-76
22-->src\main\AndroidManifest.xml:16:22-73
23    <uses-permission android:name="android.permission.HIGH_SAMPLING_RATE_SENSORS" />
23-->src\main\AndroidManifest.xml:17:5-85
23-->src\main\AndroidManifest.xml:17:22-82
24    <uses-permission android:name="com.android.alarm.permission.SET_ALARM" />
24-->src\main\AndroidManifest.xml:18:5-78
24-->src\main\AndroidManifest.xml:18:22-75
25    <uses-permission android:name="android.permission.SCHEDULE_EXACT_ALARM" />
25-->src\main\AndroidManifest.xml:19:5-79
25-->src\main\AndroidManifest.xml:19:22-76
26    <uses-permission android:name="android.permission.USE_EXACT_ALARM" /> <!-- Show Alarm Screen -->
26-->src\main\AndroidManifest.xml:20:5-74
26-->src\main\AndroidManifest.xml:20:22-71
27    <uses-permission android:name="android.permission.LOCK_DEVICE" />
27-->src\main\AndroidManifest.xml:21:5-70
27-->src\main\AndroidManifest.xml:21:22-67
28    <uses-permission android:name="android.permission.DISABLE_KEYGUARD" />
28-->src\main\AndroidManifest.xml:22:5-75
28-->src\main\AndroidManifest.xml:22:22-72
29    <uses-permission android:name="android.permission.SYSTEM_ALERT_WINDOW" />
29-->src\main\AndroidManifest.xml:23:5-78
29-->src\main\AndroidManifest.xml:23:22-75
30
31    <uses-feature
31-->src\main\AndroidManifest.xml:25:5-27:36
32        android:name="android.hardware.sensor.accelerometer"
32-->src\main\AndroidManifest.xml:26:9-61
33        android:required="false" />
33-->src\main\AndroidManifest.xml:27:9-33
34    <uses-feature
34-->src\main\AndroidManifest.xml:28:5-30:36
35        android:name="android.hardware.sensor.stepcounter"
35-->src\main\AndroidManifest.xml:29:9-59
36        android:required="false" />
36-->src\main\AndroidManifest.xml:30:9-33
37
38    <!-- Include required permissions for Google Mobile Ads to run -->
39    <uses-permission android:name="android.permission.INTERNET" />
39-->[com.google.android.gms:play-services-ads-lite:22.5.0] AndroidManifest.xml:24:5-67
39-->[com.google.android.gms:play-services-ads-lite:22.5.0] AndroidManifest.xml:24:22-64
40    <uses-permission android:name="android.permission.ACCESS_NETWORK_STATE" />
40-->[com.google.android.gms:play-services-ads-lite:22.5.0] AndroidManifest.xml:25:5-79
40-->[com.google.android.gms:play-services-ads-lite:22.5.0] AndroidManifest.xml:25:22-76
41    <uses-permission android:name="com.google.android.gms.permission.AD_ID" />
41-->[com.google.android.gms:play-services-ads-lite:22.5.0] AndroidManifest.xml:26:5-79
41-->[com.google.android.gms:play-services-ads-lite:22.5.0] AndroidManifest.xml:26:22-76
42    <uses-permission android:name="android.permission.ACCESS_ADSERVICES_AD_ID" />
42-->[com.google.android.gms:play-services-ads-lite:22.5.0] AndroidManifest.xml:27:5-82
42-->[com.google.android.gms:play-services-ads-lite:22.5.0] AndroidManifest.xml:27:22-79
43    <uses-permission android:name="android.permission.ACCESS_ADSERVICES_ATTRIBUTION" />
43-->[com.google.android.gms:play-services-ads-lite:22.5.0] AndroidManifest.xml:28:5-88
43-->[com.google.android.gms:play-services-ads-lite:22.5.0] AndroidManifest.xml:28:22-85
44    <uses-permission android:name="android.permission.ACCESS_ADSERVICES_TOPICS" /> <!-- Android package visibility setting -->
44-->[com.google.android.gms:play-services-ads-lite:22.5.0] AndroidManifest.xml:29:5-83
44-->[com.google.android.gms:play-services-ads-lite:22.5.0] AndroidManifest.xml:29:22-80
45    <queries>
45-->[com.google.android.gms:play-services-ads-lite:22.5.0] AndroidManifest.xml:35:5-51:15
46
47        <!-- For browser content -->
48        <intent>
48-->[com.google.android.gms:play-services-ads-lite:22.5.0] AndroidManifest.xml:38:9-44:18
49            <action android:name="android.intent.action.VIEW" />
49-->[com.google.android.gms:play-services-ads-lite:22.5.0] AndroidManifest.xml:39:13-65
49-->[com.google.android.gms:play-services-ads-lite:22.5.0] AndroidManifest.xml:39:21-62
50
51            <category android:name="android.intent.category.BROWSABLE" />
51-->[com.google.android.gms:play-services-ads-lite:22.5.0] AndroidManifest.xml:41:13-74
51-->[com.google.android.gms:play-services-ads-lite:22.5.0] AndroidManifest.xml:41:23-71
52
53            <data android:scheme="https" />
53-->[com.google.android.gms:play-services-ads-lite:22.5.0] AndroidManifest.xml:43:13-44
53-->[com.google.android.gms:play-services-ads-lite:22.5.0] AndroidManifest.xml:43:19-41
54        </intent>
55        <!-- End of browser content -->
56        <!-- For CustomTabsService -->
57        <intent>
57-->[com.google.android.gms:play-services-ads-lite:22.5.0] AndroidManifest.xml:47:9-49:18
58            <action android:name="android.support.customtabs.action.CustomTabsService" />
58-->[com.google.android.gms:play-services-ads-lite:22.5.0] AndroidManifest.xml:48:13-90
58-->[com.google.android.gms:play-services-ads-lite:22.5.0] AndroidManifest.xml:48:21-87
59        </intent>
60        <!-- End of CustomTabsService -->
61        <intent>
61-->[com.android.billingclient:billing:6.0.1] AndroidManifest.xml:13:9-15:18
62            <action android:name="com.android.vending.billing.InAppBillingService.BIND" />
62-->[com.android.billingclient:billing:6.0.1] AndroidManifest.xml:14:13-91
62-->[com.android.billingclient:billing:6.0.1] AndroidManifest.xml:14:21-88
63        </intent>
64    </queries>
65
66    <uses-permission android:name="android.permission.WAKE_LOCK" /> <!-- Required by older versions of Google Play services to create IID tokens -->
66-->[androidx.work:work-runtime:2.7.0] AndroidManifest.xml:25:5-68
66-->[androidx.work:work-runtime:2.7.0] AndroidManifest.xml:25:22-65
67    <uses-permission android:name="com.google.android.c2dm.permission.RECEIVE" />
67-->[com.google.firebase:firebase-messaging:23.3.1] AndroidManifest.xml:26:5-82
67-->[com.google.firebase:firebase-messaging:23.3.1] AndroidManifest.xml:26:22-79
68    <uses-permission android:name="com.android.vending.BILLING" />
68-->[com.android.billingclient:billing-ktx:6.0.1] AndroidManifest.xml:9:5-67
68-->[com.android.billingclient:billing-ktx:6.0.1] AndroidManifest.xml:9:22-64
69    <uses-permission android:name="com.google.android.finsky.permission.BIND_GET_INSTALL_REFERRER_SERVICE" />
69-->[com.google.android.gms:play-services-measurement:21.5.0] AndroidManifest.xml:26:5-110
69-->[com.google.android.gms:play-services-measurement:21.5.0] AndroidManifest.xml:26:22-107
70
71    <permission
71-->[androidx.core:core:1.12.0] AndroidManifest.xml:22:5-24:47
72        android:name="com.fitzay.workouttracker.strengthtraining.DYNAMIC_RECEIVER_NOT_EXPORTED_PERMISSION"
72-->[androidx.core:core:1.12.0] AndroidManifest.xml:23:9-81
73        android:protectionLevel="signature" />
73-->[androidx.core:core:1.12.0] AndroidManifest.xml:24:9-44
74
75    <uses-permission android:name="com.fitzay.workouttracker.strengthtraining.DYNAMIC_RECEIVER_NOT_EXPORTED_PERMISSION" />
75-->[androidx.core:core:1.12.0] AndroidManifest.xml:26:5-97
75-->[androidx.core:core:1.12.0] AndroidManifest.xml:26:22-94
76
77    <application
77-->src\main\AndroidManifest.xml:32:5-287:19
78        android:name="com.fitzay.workouttracker.strengthtraining.core.AppController"
78-->src\main\AndroidManifest.xml:33:9-43
79        android:allowBackup="true"
79-->src\main\AndroidManifest.xml:34:9-35
80        android:appComponentFactory="androidx.core.app.CoreComponentFactory"
80-->[androidx.core:core:1.12.0] AndroidManifest.xml:28:18-86
81        android:dataExtractionRules="@xml/data_extraction_rules"
81-->src\main\AndroidManifest.xml:35:9-65
82        android:debuggable="true"
83        android:extractNativeLibs="false"
84        android:fullBackupContent="@xml/backup_rules"
84-->src\main\AndroidManifest.xml:36:9-54
85        android:icon="@mipmap/ic_launcher"
85-->src\main\AndroidManifest.xml:37:9-43
86        android:label="@string/app_name"
86-->src\main\AndroidManifest.xml:38:9-41
87        android:requestLegacyExternalStorage="true"
87-->src\main\AndroidManifest.xml:40:9-52
88        android:supportsRtl="true"
88-->src\main\AndroidManifest.xml:39:9-35
89        android:theme="@style/Theme.FitnessApplication" >
89-->src\main\AndroidManifest.xml:41:9-56
90        <activity
90-->src\main\AndroidManifest.xml:43:9-45:40
91            android:name="com.fitzay.workouttracker.strengthtraining.ui.activities.VerticalRulerView"
91-->src\main\AndroidManifest.xml:44:13-60
92            android:exported="false" />
92-->src\main\AndroidManifest.xml:45:13-37
93        <activity
93-->src\main\AndroidManifest.xml:46:9-48:39
94            android:name="com.fitzay.workouttracker.strengthtraining.ui.activities.BmiAct"
94-->src\main\AndroidManifest.xml:47:13-49
95            android:exported="true" />
95-->src\main\AndroidManifest.xml:48:13-36
96        <activity
96-->src\main\AndroidManifest.xml:50:9-59:20
97            android:name="com.fitzay.workouttracker.strengthtraining.ui.questions.start.HeightandWeightAct"
97-->src\main\AndroidManifest.xml:51:13-66
98            android:exported="true"
98-->src\main\AndroidManifest.xml:53:13-36
99            android:screenOrientation="portrait" >
99-->src\main\AndroidManifest.xml:52:13-49
100
101            <!-- <intent-filter> -->
102            <!-- <action android:name="android.intent.action.MAIN" /> -->
103            <!-- <category android:name="android.intent.category.LAUNCHER" /> -->
104            <!-- </intent-filter> -->
105
106        </activity>
107        <activity
107-->src\main\AndroidManifest.xml:60:9-63:40
108            android:name="com.fitzay.workouttracker.strengthtraining.ui.questions.start.PushUpsDoActivity"
108-->src\main\AndroidManifest.xml:61:13-65
109            android:exported="false"
109-->src\main\AndroidManifest.xml:63:13-37
110            android:screenOrientation="portrait" />
110-->src\main\AndroidManifest.xml:62:13-49
111        <activity
111-->src\main\AndroidManifest.xml:64:9-69:20
112            android:name="com.fitzay.workouttracker.strengthtraining.ui.questions.start.PartShouldFocusActivity"
112-->src\main\AndroidManifest.xml:65:13-71
113            android:exported="true"
113-->src\main\AndroidManifest.xml:67:13-36
114            android:screenOrientation="portrait" >
114-->src\main\AndroidManifest.xml:66:13-49
115        </activity>
116        <activity
116-->src\main\AndroidManifest.xml:70:9-81:20
117            android:name="com.fitzay.workouttracker.strengthtraining.ui.activities.PersonalizedWorkAct"
117-->src\main\AndroidManifest.xml:71:13-62
118            android:exported="true"
118-->src\main\AndroidManifest.xml:73:13-36
119            android:screenOrientation="portrait" >
119-->src\main\AndroidManifest.xml:72:13-49
120
121            <!-- <intent-filter> -->
122            <!-- <action android:name="android.intent.action.MAIN" /> -->
123
124
125            <!-- <category android:name="android.intent.category.LAUNCHER" /> -->
126            <!-- </intent-filter> -->
127        </activity>
128        <activity
128-->src\main\AndroidManifest.xml:82:9-95:20
129            android:name="com.fitzay.workouttracker.strengthtraining.ui.activities.ProfileAct"
129-->src\main\AndroidManifest.xml:84:13-53
130            android:exported="true"
130-->src\main\AndroidManifest.xml:87:13-36
131            android:screenOrientation="portrait"
131-->src\main\AndroidManifest.xml:85:13-49
132            android:windowSoftInputMode="adjustPan" >
132-->src\main\AndroidManifest.xml:86:13-52
133
134            <!-- <intent-filter> -->
135            <!-- <action android:name="android.intent.action.MAIN" /> -->
136
137
138            <!-- <category android:name="android.intent.category.LAUNCHER" /> -->
139            <!-- </intent-filter> -->
140        </activity>
141        <activity
141-->src\main\AndroidManifest.xml:99:9-108:20
142            android:name="com.fitzay.workouttracker.strengthtraining.ui.activities.LanguageAct"
142-->src\main\AndroidManifest.xml:100:13-54
143            android:configChanges="uiMode"
143-->src\main\AndroidManifest.xml:102:13-43
144            android:exported="true"
144-->src\main\AndroidManifest.xml:103:13-36
145            android:screenOrientation="portrait" >
145-->src\main\AndroidManifest.xml:101:13-49
146
147            <!-- <intent-filter> -->
148            <!-- <action android:name="android.intent.action.MAIN" /> -->
149            <!-- <category android:name="android.intent.category.LAUNCHER" /> -->
150            <!-- </intent-filter> -->
151        </activity>
152        <activity
152-->src\main\AndroidManifest.xml:109:9-112:40
153            android:name="com.fitzay.workouttracker.strengthtraining.ui.activities.FullbodyWorkoutActivity"
153-->src\main\AndroidManifest.xml:110:13-66
154            android:exported="false"
154-->src\main\AndroidManifest.xml:112:13-37
155            android:screenOrientation="portrait" />
155-->src\main\AndroidManifest.xml:111:13-49
156        <activity
156-->src\main\AndroidManifest.xml:113:9-117:52
157            android:name="com.fitzay.workouttracker.strengthtraining.ui.activities.ExitScreenActivity"
157-->src\main\AndroidManifest.xml:114:13-61
158            android:exported="false"
158-->src\main\AndroidManifest.xml:115:13-37
159            android:launchMode="singleTop"
159-->src\main\AndroidManifest.xml:116:13-43
160            android:screenOrientation="portrait" />
160-->src\main\AndroidManifest.xml:117:13-49
161        <activity
161-->src\main\AndroidManifest.xml:118:9-121:52
162            android:name="com.fitzay.workouttracker.strengthtraining.ui.activities.PremiumActivity"
162-->src\main\AndroidManifest.xml:119:13-58
163            android:exported="false"
163-->src\main\AndroidManifest.xml:120:13-37
164            android:screenOrientation="portrait" />
164-->src\main\AndroidManifest.xml:121:13-49
165        <activity
165-->src\main\AndroidManifest.xml:122:9-125:40
166            android:name="com.fitzay.workouttracker.strengthtraining.ui.sleeptacker.SleepSummaryActivity"
166-->src\main\AndroidManifest.xml:123:13-64
167            android:exported="false"
167-->src\main\AndroidManifest.xml:125:13-37
168            android:screenOrientation="portrait" />
168-->src\main\AndroidManifest.xml:124:13-49
169        <activity
169-->src\main\AndroidManifest.xml:126:9-129:40
170            android:name="com.fitzay.workouttracker.strengthtraining.ui.sleeptacker.SleepTrackerHomeScreen"
170-->src\main\AndroidManifest.xml:127:13-66
171            android:exported="false"
171-->src\main\AndroidManifest.xml:129:13-37
172            android:screenOrientation="portrait" />
172-->src\main\AndroidManifest.xml:128:13-49
173        <activity
173-->src\main\AndroidManifest.xml:130:9-133:39
174            android:name="com.fitzay.workouttracker.strengthtraining.ui.sleeptacker.PlayAlarmActivity"
174-->src\main\AndroidManifest.xml:131:13-61
175            android:exported="true"
175-->src\main\AndroidManifest.xml:133:13-36
176            android:screenOrientation="portrait" />
176-->src\main\AndroidManifest.xml:132:13-49
177        <activity
177-->src\main\AndroidManifest.xml:134:9-137:52
178            android:name="com.fitzay.workouttracker.strengthtraining.ui.activities.SingleExerciseActivity"
178-->src\main\AndroidManifest.xml:135:13-65
179            android:exported="false"
179-->src\main\AndroidManifest.xml:136:13-37
180            android:screenOrientation="portrait" />
180-->src\main\AndroidManifest.xml:137:13-49
181        <activity
181-->src\main\AndroidManifest.xml:138:9-148:20
182            android:name="com.fitzay.workouttracker.strengthtraining.ui.activities.LoadingActivity"
182-->src\main\AndroidManifest.xml:139:13-58
183            android:exported="true"
183-->src\main\AndroidManifest.xml:140:13-36
184            android:screenOrientation="portrait" >
184-->src\main\AndroidManifest.xml:142:13-49
185            <intent-filter>
185-->src\main\AndroidManifest.xml:143:25-147:41
186                <action android:name="android.intent.action.MAIN" />
186-->src\main\AndroidManifest.xml:144:29-81
186-->src\main\AndroidManifest.xml:144:37-78
187
188                <category android:name="android.intent.category.LAUNCHER" />
188-->src\main\AndroidManifest.xml:146:29-89
188-->src\main\AndroidManifest.xml:146:39-86
189            </intent-filter>
190        </activity>
191        <activity
191-->src\main\AndroidManifest.xml:151:9-162:20
192            android:name="com.fitzay.workouttracker.strengthtraining.ui.sleeptacker.SleepTrackerActivity"
192-->src\main\AndroidManifest.xml:152:13-64
193            android:exported="false"
193-->src\main\AndroidManifest.xml:153:13-37
194            android:screenOrientation="portrait" >
194-->src\main\AndroidManifest.xml:154:13-49
195
196            <!-- <intent-filter> -->
197            <!-- <action android:name="android.intent.action.MAIN" /> -->
198
199
200            <!-- <category android:name="android.intent.category.LAUNCHER" /> -->
201            <!-- </intent-filter> -->
202        </activity>
203        <activity
203-->src\main\AndroidManifest.xml:163:9-166:52
204            android:name="com.fitzay.workouttracker.strengthtraining.ui.quotes.DisplayQuoteActivity"
204-->src\main\AndroidManifest.xml:164:13-59
205            android:exported="false"
205-->src\main\AndroidManifest.xml:165:13-37
206            android:screenOrientation="portrait" />
206-->src\main\AndroidManifest.xml:166:13-49
207        <activity
207-->src\main\AndroidManifest.xml:167:9-170:52
208            android:name="com.fitzay.workouttracker.strengthtraining.ui.quotes.QuotesCategoryActivity"
208-->src\main\AndroidManifest.xml:168:13-61
209            android:exported="false"
209-->src\main\AndroidManifest.xml:169:13-37
210            android:screenOrientation="portrait" />
210-->src\main\AndroidManifest.xml:170:13-49
211        <activity
211-->src\main\AndroidManifest.xml:171:9-174:52
212            android:name="com.fitzay.workouttracker.strengthtraining.ui.waterintake.CupCapacityActivity"
212-->src\main\AndroidManifest.xml:172:13-63
213            android:exported="false"
213-->src\main\AndroidManifest.xml:173:13-37
214            android:screenOrientation="portrait" />
214-->src\main\AndroidManifest.xml:174:13-49
215        <activity
215-->src\main\AndroidManifest.xml:175:9-178:52
216            android:name="com.fitzay.workouttracker.strengthtraining.ui.waterintake.WaterIntakeActivity"
216-->src\main\AndroidManifest.xml:176:13-63
217            android:exported="false"
217-->src\main\AndroidManifest.xml:177:13-37
218            android:screenOrientation="portrait" />
218-->src\main\AndroidManifest.xml:178:13-49
219        <activity
219-->src\main\AndroidManifest.xml:179:9-188:20
220            android:name="com.fitzay.workouttracker.strengthtraining.ui.stepcounter.StepSummeryActivity"
220-->src\main\AndroidManifest.xml:180:13-63
221            android:exported="true"
221-->src\main\AndroidManifest.xml:181:13-36
222            android:screenOrientation="portrait" >
222-->src\main\AndroidManifest.xml:182:13-49
223
224            <!-- <intent-filter> -->
225            <!-- <action android:name="android.intent.action.MAIN" /> -->
226
227
228            <!-- <category android:name="android.intent.category.LAUNCHER" /> -->
229            <!-- </intent-filter> -->
230        </activity>
231        <activity
231-->src\main\AndroidManifest.xml:189:9-192:52
232            android:name="com.fitzay.workouttracker.strengthtraining.ui.stepcounter.StepCounterActivity"
232-->src\main\AndroidManifest.xml:190:13-63
233            android:exported="false"
233-->src\main\AndroidManifest.xml:191:13-37
234            android:screenOrientation="portrait" />
234-->src\main\AndroidManifest.xml:192:13-49
235        <activity
235-->src\main\AndroidManifest.xml:193:9-196:52
236            android:name="com.fitzay.workouttracker.strengthtraining.ui.activities.ExerciseActivity"
236-->src\main\AndroidManifest.xml:194:13-59
237            android:exported="false"
237-->src\main\AndroidManifest.xml:195:13-37
238            android:screenOrientation="portrait" />
238-->src\main\AndroidManifest.xml:196:13-49
239        <activity
239-->src\main\AndroidManifest.xml:197:9-200:52
240            android:name="com.fitzay.workouttracker.strengthtraining.ui.activities.DisplayWorkoutsActivity"
240-->src\main\AndroidManifest.xml:198:13-66
241            android:exported="false"
241-->src\main\AndroidManifest.xml:199:13-37
242            android:screenOrientation="portrait" />
242-->src\main\AndroidManifest.xml:200:13-49
243        <activity
243-->src\main\AndroidManifest.xml:201:9-204:52
244            android:name="com.fitzay.workouttracker.strengthtraining.ui.questions.start.TargetWeightActivity"
244-->src\main\AndroidManifest.xml:202:13-68
245            android:exported="false"
245-->src\main\AndroidManifest.xml:203:13-37
246            android:screenOrientation="portrait" />
246-->src\main\AndroidManifest.xml:204:13-49
247        <activity
247-->src\main\AndroidManifest.xml:205:9-208:52
248            android:name="com.fitzay.workouttracker.strengthtraining.ui.questions.start.GenderActivity"
248-->src\main\AndroidManifest.xml:206:13-62
249            android:exported="true"
249-->src\main\AndroidManifest.xml:207:13-36
250            android:screenOrientation="portrait" />
250-->src\main\AndroidManifest.xml:208:13-49
251        <activity
251-->src\main\AndroidManifest.xml:209:9-212:52
252            android:name="com.fitzay.workouttracker.strengthtraining.ui.questions.start.AskingWeightActivity"
252-->src\main\AndroidManifest.xml:210:13-68
253            android:exported="false"
253-->src\main\AndroidManifest.xml:211:13-37
254            android:screenOrientation="portrait" />
254-->src\main\AndroidManifest.xml:212:13-49
255        <activity
255-->src\main\AndroidManifest.xml:213:9-216:52
256            android:name="com.fitzay.workouttracker.strengthtraining.ui.questions.start.AskingAgeActivity"
256-->src\main\AndroidManifest.xml:214:13-65
257            android:exported="true"
257-->src\main\AndroidManifest.xml:215:13-36
258            android:screenOrientation="portrait" />
258-->src\main\AndroidManifest.xml:216:13-49
259        <activity
259-->src\main\AndroidManifest.xml:217:9-229:20
260            android:name="com.fitzay.workouttracker.strengthtraining.ui.questions.start.FirstNameActivity"
260-->src\main\AndroidManifest.xml:218:13-65
261            android:exported="false"
261-->src\main\AndroidManifest.xml:219:13-37
262            android:screenOrientation="portrait"
262-->src\main\AndroidManifest.xml:220:13-49
263            android:windowSoftInputMode="adjustPan" >
263-->src\main\AndroidManifest.xml:221:13-52
264
265            <!-- <intent-filter> -->
266            <!-- <action android:name="android.intent.action.MAIN" /> -->
267
268
269            <!-- <category android:name="android.intent.category.LAUNCHER" /> -->
270            <!-- </intent-filter> -->
271        </activity>
272        <activity
272-->src\main\AndroidManifest.xml:230:9-241:20
273            android:name="com.fitzay.workouttracker.strengthtraining.ui.questions.start.AskingHeightActivity"
273-->src\main\AndroidManifest.xml:231:13-68
274            android:exported="false"
274-->src\main\AndroidManifest.xml:232:13-37
275            android:screenOrientation="portrait" >
275-->src\main\AndroidManifest.xml:233:13-49
276
277            <!-- <intent-filter> -->
278            <!-- <action android:name="android.intent.action.MAIN" /> -->
279
280
281            <!-- <category android:name="android.intent.category.LAUNCHER" /> -->
282            <!-- </intent-filter> -->
283        </activity>
284        <activity
284-->src\main\AndroidManifest.xml:242:9-253:20
285            android:name="com.fitzay.workouttracker.strengthtraining.ui.MainActivity"
285-->src\main\AndroidManifest.xml:243:13-44
286            android:exported="true"
286-->src\main\AndroidManifest.xml:244:13-36
287            android:screenOrientation="portrait" >
287-->src\main\AndroidManifest.xml:245:13-49
288
289            <!-- <intent-filter> -->
290            <!-- <action android:name="android.intent.action.MAIN" /> -->
291
292
293            <!-- <category android:name="android.intent.category.LAUNCHER" /> -->
294            <!-- </intent-filter> -->
295        </activity>
296
297        <meta-data
297-->src\main\AndroidManifest.xml:255:9-257:57
298            android:name="preloaded_fonts"
298-->src\main\AndroidManifest.xml:256:13-43
299            android:resource="@array/preloaded_fonts" />
299-->src\main\AndroidManifest.xml:257:13-54
300
301        <service
301-->src\main\AndroidManifest.xml:259:9-263:54
302            android:name="com.fitzay.workouttracker.strengthtraining.ui.stepcounter.StepCounterSensor"
302-->src\main\AndroidManifest.xml:260:13-61
303            android:enabled="true"
303-->src\main\AndroidManifest.xml:261:13-35
304            android:exported="false"
304-->src\main\AndroidManifest.xml:262:13-37
305            android:foregroundServiceType="health" />
305-->src\main\AndroidManifest.xml:263:13-51
306
307        <receiver
307-->src\main\AndroidManifest.xml:265:9-271:20
308            android:name="com.fitzay.workouttracker.strengthtraining.core.utils.AlarmReceiver"
308-->src\main\AndroidManifest.xml:266:13-53
309            android:exported="true" >
309-->src\main\AndroidManifest.xml:267:13-36
310            <intent-filter>
310-->src\main\AndroidManifest.xml:268:13-270:29
311                <action android:name="com.fitzay.workouttracker.strengthtraining.CUSTOM_INTENT" />
311-->src\main\AndroidManifest.xml:269:17-99
311-->src\main\AndroidManifest.xml:269:25-96
312            </intent-filter>
313        </receiver>
314
315        <meta-data
315-->src\main\AndroidManifest.xml:273:9-275:53
316            android:name="com.google.android.gms.ads.APPLICATION_ID"
316-->src\main\AndroidManifest.xml:274:13-69
317            android:value="@string/fitzay_app_id" />
317-->src\main\AndroidManifest.xml:275:13-50
318        <meta-data
318-->src\main\AndroidManifest.xml:276:9-278:36
319            android:name="firebase_messaging_auto_init_enabled"
319-->src\main\AndroidManifest.xml:277:13-64
320            android:value="true" />
320-->src\main\AndroidManifest.xml:278:13-33
321        <meta-data
321-->src\main\AndroidManifest.xml:279:9-281:36
322            android:name="firebase_analytics_collection_enabled"
322-->src\main\AndroidManifest.xml:280:13-65
323            android:value="true" />
323-->src\main\AndroidManifest.xml:281:13-33
324
325        <activity
325-->src\main\AndroidManifest.xml:283:9-286:45
326            android:name="com.google.android.gms.ads.AdActivity"
326-->src\main\AndroidManifest.xml:284:13-65
327            android:configChanges="keyboard|keyboardHidden|orientation|screenLayout|uiMode|screenSize|smallestScreenSize"
327-->[com.google.android.gms:play-services-ads-lite:22.5.0] AndroidManifest.xml:58:13-122
328            android:exported="false"
328-->[com.google.android.gms:play-services-ads-lite:22.5.0] AndroidManifest.xml:59:13-37
329            android:theme="@style/AdTheme" />
329-->src\main\AndroidManifest.xml:285:13-43
330
331        <service
331-->[com.google.firebase:firebase-messaging-ktx:23.3.1] AndroidManifest.xml:23:9-29:19
332            android:name="com.google.firebase.components.ComponentDiscoveryService"
332-->[com.google.firebase:firebase-messaging-ktx:23.3.1] AndroidManifest.xml:24:13-84
333            android:directBootAware="true"
333-->[com.google.firebase:firebase-common:20.4.2] AndroidManifest.xml:32:13-43
334            android:exported="false" >
334-->[com.google.firebase:firebase-messaging-ktx:23.3.1] AndroidManifest.xml:25:13-37
335            <meta-data